<?xml version="1.0" encoding="UTF-8"?>
<!-- Generated by org.testng.reporters.JUnitReportReporter -->
<testsuite hostname="DESKTOP-NILQHDA" failures="0" tests="1" name="com.actitime.test.Acti_CreateLeave_test" time="20.932" errors="0" timestamp="31 Mar 2021 12:25:22 GMT" skipped="0">
  <testcase classname="com.actitime.test.Acti_CreateLeave_test" name="leave" time="20.932"/>
</testsuite> <!-- com.actitime.test.Acti_CreateLeave_test -->
