<?xml version="1.0" encoding="UTF-8"?>
<!-- Generated by org.testng.reporters.JUnitReportReporter -->
<testsuite hostname="DESKTOP-NILQHDA" failures="0" tests="1" name="com.actitime.test.Acti_LeaveDelete_test" time="24.982" errors="0" timestamp="31 Mar 2021 12:25:22 GMT" skipped="0">
  <testcase classname="com.actitime.test.Acti_LeaveDelete_test" name="leaveDelete" time="24.982"/>
</testsuite> <!-- com.actitime.test.Acti_LeaveDelete_test -->
