<?xml version="1.0" encoding="UTF-8"?>
<!-- Generated by org.testng.reporters.JUnitReportReporter -->
<testsuite hostname="DESKTOP-NILQHDA" failures="0" tests="1" name="com.actitime.test.Acti_createWork_test" time="29.752" errors="0" timestamp="31 Mar 2021 12:29:25 GMT" skipped="0">
  <testcase classname="com.actitime.test.Acti_createWork_test" name="work" time="29.752"/>
</testsuite> <!-- com.actitime.test.Acti_createWork_test -->
